<?xml version="1.0" encoding="UTF-8"?>
<!-- Generated by org.testng.reporters.JUnitReportReporter -->
<testsuite hostname="EC2AMAZ-S11DBRH" failures="0" tests="2" name="testNGSamplesB834.TestScript" time="9.372" errors="0" timestamp="2023-07-18T07:06:23 GMT" skipped="0">
  <testcase classname="testNGSamplesB834.TestScript" name="JavaTutorial" time="5.516"/>
  <system-out/>
  <testcase classname="testNGSamplesB834.TestScript" name="Selenium" time="3.856"/>
  <system-out/>
</testsuite> <!-- testNGSamplesB834.TestScript -->
