<?xml version="1.0" encoding="UTF-8"?>
<!-- Generated by org.testng.reporters.JUnitReportReporter -->
<testsuite hostname="EC2AMAZ-S11DBRH" failures="0" tests="1" name="parallelExecution.SampleTestThree" time="0.001" errors="0" timestamp="2023-07-18T08:15:11 GMT" skipped="0">
  <testcase classname="parallelExecution.SampleTestThree" name="f" time="0.001"/>
  <system-out/>
</testsuite> <!-- parallelExecution.SampleTestThree -->
