<?xml version="1.0" encoding="UTF-8"?>
<!-- Generated by org.testng.reporters.JUnitReportReporter -->
<testsuite hostname="EC2AMAZ-S11DBRH" failures="0" tests="4" name="parallelExecution.SampleTestTwo" time="0.007" errors="0" timestamp="2023-07-18T08:15:11 GMT" skipped="0">
  <testcase classname="parallelExecution.SampleTestTwo" name="testOne" time="0.002"/>
  <system-out/>
  <testcase classname="parallelExecution.SampleTestTwo" name="testFour" time="0.002"/>
  <system-out/>
  <testcase classname="parallelExecution.SampleTestTwo" name="testTwo" time="0.002"/>
  <system-out/>
  <testcase classname="parallelExecution.SampleTestTwo" name="testThree" time="0.001"/>
  <system-out/>
</testsuite> <!-- parallelExecution.SampleTestTwo -->
