<?xml version="1.0" encoding="UTF-8"?>
<!-- Generated by org.testng.reporters.JUnitReportReporter -->
<testsuite hostname="EC2AMAZ-S11DBRH" failures="0" tests="4" name="parallelExecution.SampleOneTest" time="0.016" errors="0" timestamp="2023-07-18T08:15:11 GMT" skipped="0">
  <testcase classname="parallelExecution.SampleOneTest" name="testFour" time="0.009"/>
  <system-out/>
  <testcase classname="parallelExecution.SampleOneTest" name="testTwo" time="0.003"/>
  <system-out/>
  <testcase classname="parallelExecution.SampleOneTest" name="testOne" time="0.002"/>
  <system-out/>
  <testcase classname="parallelExecution.SampleOneTest" name="testthree" time="0.002"/>
  <system-out/>
</testsuite> <!-- parallelExecution.SampleOneTest -->
