<?xml version="1.0" encoding="UTF-8"?>
<!-- Generated by org.testng.reporters.JUnitReportReporter -->
<testsuite hostname="EC2AMAZ-S11DBRH" failures="0" tests="1" name="testNGSamplesB834.SampleTwo" time="4.802" errors="0" timestamp="2023-07-18T07:06:23 GMT" skipped="0">
  <testcase classname="testNGSamplesB834.SampleTwo" name="cypressSearch" time="4.802"/>
  <system-out/>
</testsuite> <!-- testNGSamplesB834.SampleTwo -->
