<?xml version="1.0" encoding="UTF-8"?>
<!-- Generated by org.testng.reporters.JUnitReportReporter -->
<testsuite hostname="EC2AMAZ-S11DBRH" failures="0" tests="2" name="testNGSamplesB834.SampleTestFour" time="0.012" errors="0" timestamp="2023-07-18T07:08:55 GMT" skipped="0">
  <testcase classname="testNGSamplesB834.SampleTestFour" name="testFour" time="0.010"/>
  <system-out/>
  <testcase classname="testNGSamplesB834.SampleTestFour" name="testThree" time="0.002"/>
  <system-out/>
</testsuite> <!-- testNGSamplesB834.SampleTestFour -->
